<?xml version="1.0" encoding="UTF-8"?>
<testsuite name="org.matrixchain.db.DBSourceImplTest" tests="10" skipped="0" failures="0" errors="0" timestamp="2020-01-06T02:12:35" hostname="matrix" time="0.003">
  <properties/>
  <testcase name="delete" classname="org.matrixchain.db.DBSourceImplTest" time="0.001"/>
  <testcase name="getName" classname="org.matrixchain.db.DBSourceImplTest" time="0.0"/>
  <testcase name="get" classname="org.matrixchain.db.DBSourceImplTest" time="0.0"/>
  <testcase name="put" classname="org.matrixchain.db.DBSourceImplTest" time="0.001"/>
  <testcase name="init" classname="org.matrixchain.db.DBSourceImplTest" time="0.0"/>
  <testcase name="keys" classname="org.matrixchain.db.DBSourceImplTest" time="0.0"/>
  <testcase name="close" classname="org.matrixchain.db.DBSourceImplTest" time="0.0"/>
  <testcase name="flush" classname="org.matrixchain.db.DBSourceImplTest" time="0.0"/>
  <testcase name="reset" classname="org.matrixchain.db.DBSourceImplTest" time="0.0"/>
  <testcase name="setName" classname="org.matrixchain.db.DBSourceImplTest" time="0.0"/>
  <system-out><![CDATA[]]></system-out>
  <system-err><![CDATA[]]></system-err>
</testsuite>
