<?xml version="1.0" encoding="UTF-8"?>
<testsuite name="org.matrixchain.service.MatrixChainServiceImplTest" tests="4" skipped="0" failures="0" errors="0" timestamp="2020-01-06T02:12:34" hostname="matrix" time="0.001">
  <properties/>
  <testcase name="getBlockHeader" classname="org.matrixchain.service.MatrixChainServiceImplTest" time="0.0"/>
  <testcase name="getTransactionList" classname="org.matrixchain.service.MatrixChainServiceImplTest" time="0.0"/>
  <testcase name="getTransaction" classname="org.matrixchain.service.MatrixChainServiceImplTest" time="0.0"/>
  <testcase name="getBlock" classname="org.matrixchain.service.MatrixChainServiceImplTest" time="0.0"/>
  <system-out><![CDATA[]]></system-out>
  <system-err><![CDATA[]]></system-err>
</testsuite>
