<?xml version="1.0" encoding="UTF-8"?>
<testsuite name="org.matrixchain.core.SmartContractTest" tests="1" skipped="0" failures="0" errors="0" timestamp="2020-01-06T02:12:34" hostname="matrix" time="0.0">
  <properties/>
  <testcase name="create" classname="org.matrixchain.core.SmartContractTest" time="0.0"/>
  <system-out><![CDATA[]]></system-out>
  <system-err><![CDATA[]]></system-err>
</testsuite>
